#
# A fatal error has been detected by the Java Runtime Environment:
#
#  SIGSEGV (0xb) at pc=0x000000011233b2af, pid=98670, tid=16135
#
# JRE version: Java(TM) SE Runtime Environment (8.0_60-b27) (build 1.8.0_60-b27)
# Java VM: Java HotSpot(TM) 64-Bit Server VM (25.60-b23 mixed mode bsd-amd64 compressed oops)
# Problematic frame:
# J 3276 C2 java.io.UnixFileSystem.normalize(Ljava/lang/String;)Ljava/lang/String; (75 bytes) @ 0x000000011233b2af [0x000000011233b280+0x2f]
#
# Failed to write core dump. Core dumps have been disabled. To enable core dumping, try "ulimit -c unlimited" before starting Java again
#
# If you would like to submit a bug report, please visit:
#   http://bugreport.java.com/bugreport/crash.jsp
#

---------------  T H R E A D  ---------------

Current thread (0x00007ff3e62b8800):  JavaThread "FSEvent thread" daemon [_thread_in_Java, id=16135, stack(0x0000000132785000,0x0000000132885000)]

siginfo: si_signo: 11 (SIGSEGV), si_code: 1 (SEGV_MAPERR), si_addr: 0x00000003e14aacdc

Registers:
RAX=0x000000013030f020, RBX=0x00000006c0000410, RCX=0x0000000000000000, RDX=0x00000003e14aacd0
RSP=0x000000013287dfb0, RBP=0x000000013287e2b8, RSI=0x00000006c0000410, RDI=0x00000006c0000410
R8 =0x0000000000000198, R9 =0x000000013287e588, R10=0x00000007c002a170, R11=0x00000006c0000410
R12=0x0000000000000000, R13=0x000000011204a214, R14=0x000000013287e080, R15=0x00007ff3e62b8800
RIP=0x000000011233b2af, EFLAGS=0x0000000000010202, ERR=0x0000000000000004
  TRAPNO=0x000000000000000e

Top of Stack: (sp=0x000000013287dfb0)
0x000000013287dfb0:   00000001123d0ad0 000000012b2ac1c0
0x000000013287dfc0:   0000000000000000 0000000111a9c719
0x000000013287dfd0:   00007ff3e62b8800 00007ff3e62b8800
0x000000013287dfe0:   000000013287e3a0 00000001119ec10a
0x000000013287dff0:   000000013287e2b8 0000000111c551a4
0x000000013287e000:   000000013287e068 0000000111990c4d
0x000000013287e010:   000000076d73b530 000000076d73b530
0x000000013287e020:   000000076d73b470 000000013287e028
0x000000013287e030:   00000001324baa27 000000013287e080
0x000000013287e040:   00000001324bb0b0 00000001324bcdc0
0x000000013287e050:   00000001324baa58 000000076d73b560
0x000000013287e060:   00000006c0000410 000000013287e2b8
0x000000013287e070:   000000011204a214 000000000000000f
0x000000013287e080:   000000013287e2b8 000000011204a694
0x000000013287e090:   0000000000000000 0000000000000000
0x000000013287e0a0:   41bdf4ff16000000 0000000000000000
0x000000013287e0b0:   2f73656c75646f6d 73746e6576657366
0x000000013287e0c0:   6f6d5f65646f6e2f 68632f73656c7564
0x000000013287e0d0:   766573662f73656c 646f6e2f73746e65
0x000000013287e0e0:   0000000000002000 0000000000000000
0x000000013287e0f0:   00000006c1cfb630 0000000000000000
0x000000013287e100:   00000006c1cfb630 0000000000000000
0x000000013287e110:   0000000000000000 0000000000000000
0x000000013287e120:   0000000000000009 0000000000000000
0x000000013287e130:   0000000000000000 00000006c1dabb38
0x000000013287e140:   000000076d73b470 000000076d73b440
0x000000013287e150:   000000076d73b560 000000011231a78c
0x000000013287e160:   0000000000000000 0000000000000000
0x000000013287e170:   0000000000000000 0000000000000000
0x000000013287e180:   00000006c1cda588 00000006c0095cf0
0x000000013287e190:   00000006c51f2410 0000000000000000
0x000000013287e1a0:   000000076d73b440 00000006c5158b68 

Instructions: (pc=0x000000011233b2af)
0x000000011233b28f:   69 ff 66 66 90 0f 1f 84 00 00 00 00 00 66 66 66
0x000000011233b29f:   90 89 84 24 00 c0 fe ff 55 48 83 ec 40 4c 8b de
0x000000011233b2af:   44 8b 4a 0c 43 8b 7c cc 0c 85 ff 0f 8e 3c 01 00
0x000000011233b2bf:   00 85 ff 0f 86 5c 01 00 00 44 8b c7 41 ff c8 44 

Register to memory mapping:

RAX=0x000000013030f020 is pointing into metadata
RBX=0x00000006c0000410 is an oop
java.io.UnixFileSystem 
 - klass: 'java/io/UnixFileSystem'
RCX=0x0000000000000000 is an unknown value
RDX=0x00000003e14aacd0 is an unknown value
RSP=0x000000013287dfb0 is pointing into the stack for thread: 0x00007ff3e62b8800
RBP=0x000000013287e2b8 is pointing into the stack for thread: 0x00007ff3e62b8800
RSI=0x00000006c0000410 is an oop
java.io.UnixFileSystem 
 - klass: 'java/io/UnixFileSystem'
RDI=0x00000006c0000410 is an oop
java.io.UnixFileSystem 
 - klass: 'java/io/UnixFileSystem'
R8 =0x0000000000000198 is an unknown value
R9 =0x000000013287e588 is pointing into the stack for thread: 0x00007ff3e62b8800
R10=0x00000007c002a170 is pointing into metadata
R11=0x00000006c0000410 is an oop
java.io.UnixFileSystem 
 - klass: 'java/io/UnixFileSystem'
R12=0x0000000000000000 is an unknown value
R13=0x000000011204a214 is at entry_point+1204 in (nmethod*)0x0000000112049390
R14=0x000000013287e080 is pointing into the stack for thread: 0x00007ff3e62b8800
R15=0x00007ff3e62b8800 is a thread


Stack: [0x0000000132785000,0x0000000132885000],  sp=0x000000013287dfb0,  free space=995k
Native frames: (J=compiled Java code, j=interpreted, Vv=VM code, C=native code)
J 3276 C2 java.io.UnixFileSystem.normalize(Ljava/lang/String;)Ljava/lang/String; (75 bytes) @ 0x000000011233b2af [0x000000011233b280+0x2f]
J 783 C1 java.io.File.<init>(Ljava/lang/String;)V (47 bytes) @ 0x0000000111c551a4 [0x0000000111c55060+0x144]
J 4395 C1 net.contentobjects.jnotify.macosx.JNotifyAdapterMacOSX.batchEndEvent(I)V (815 bytes) @ 0x000000011204a694 [0x0000000112049d60+0x934]
j  net.contentobjects.jnotify.macosx.JNotifyAdapterMacOSX$1.batchEnd(I)V+5
j  net.contentobjects.jnotify.macosx.JNotify_macosx.callbackInBatch(IZ)V+26
v  ~StubRoutines::call_stub
V  [libjvm.dylib+0x2eab0e]
V  [libjvm.dylib+0x321bb7]
V  [libjvm.dylib+0x31438b]
C  [libjnotify.jnilib+0x1585]  fsevent_callback+0x115
C  [FSEvents+0x3ba1]  implementation_callback_rpc+0x84b
C  [FSEvents+0x1672]  _Xcallback_rpc+0xfe
C  [FSEvents+0x1746]  FSEventsD2F_server+0x36
C  [FSEvents+0x6f75]  FSEventsClientProcessMessageCallback+0x2c
C  [CoreFoundation+0x80d87]  __CFMachPortPerform+0xf7
C  [CoreFoundation+0x80c79]  __CFRUNLOOP_IS_CALLING_OUT_TO_A_SOURCE1_PERFORM_FUNCTION__+0x29
C  [CoreFoundation+0x80beb]  __CFRunLoopDoSource1+0x1db
C  [CoreFoundation+0x72767]  __CFRunLoopRun+0x947
C  [CoreFoundation+0x71bd8]  CFRunLoopRunSpecific+0x128
C  [CoreFoundation+0x129671]  CFRunLoopRun+0x61
j  net.contentobjects.jnotify.macosx.JNotify_macosx.nativeNotifyLoop()V+0
j  net.contentobjects.jnotify.macosx.JNotify_macosx.access$400()V+0
j  net.contentobjects.jnotify.macosx.JNotify_macosx$1.run()V+65
v  ~StubRoutines::call_stub
V  [libjvm.dylib+0x2eab0e]
V  [libjvm.dylib+0x2eb29c]
V  [libjvm.dylib+0x2eb448]
V  [libjvm.dylib+0x345965]
V  [libjvm.dylib+0x5612d3]
V  [libjvm.dylib+0x5629ce]
V  [libjvm.dylib+0x48343a]
C  [libsystem_pthread.dylib+0x405a]  _pthread_body+0x83
C  [libsystem_pthread.dylib+0x3fd7]  _pthread_body+0x0
C  [libsystem_pthread.dylib+0x13ed]  thread_start+0xd
C  0x0000000000000000


---------------  P R O C E S S  ---------------

Java Threads: ( => current thread )
  0x00007ff3e603d000 JavaThread "ForkJoinPool-1-worker-2" daemon [_thread_blocked, id=38667, stack(0x0000000131bca000,0x0000000131cca000)]
  0x00007ff3e7479000 JavaThread "ForkJoinPool-2-worker-15" daemon [_thread_blocked, id=39179, stack(0x0000000133294000,0x0000000133394000)]
  0x00007ff3e7478000 JavaThread "ForkJoinPool-2-worker-1" daemon [_thread_blocked, id=28951, stack(0x0000000133191000,0x0000000133291000)]
  0x00007ff3e75ab000 JavaThread "ForkJoinPool-2-worker-3" daemon [_thread_blocked, id=44807, stack(0x000000013308e000,0x000000013318e000)]
  0x00007ff3e6270800 JavaThread "play-fork-run-akka.actor.default-dispatcher-14" [_thread_blocked, id=45315, stack(0x0000000135071000,0x0000000135171000)]
  0x00007ff3e68b6000 JavaThread "play-fork-run-akka.actor.default-dispatcher-13" [_thread_blocked, id=44291, stack(0x0000000134e6b000,0x0000000134f6b000)]
  0x00007ff3e68b5800 JavaThread "play-fork-run-akka.actor.default-dispatcher-12" [_thread_blocked, id=43779, stack(0x0000000134d68000,0x0000000134e68000)]
  0x00007ff3e2134800 JavaThread "play-fork-run-akka.actor.default-dispatcher-11" [_thread_blocked, id=43267, stack(0x0000000134c65000,0x0000000134d65000)]
  0x00007ff3e5187800 JavaThread "play-fork-run-akka.actor.default-dispatcher-10" [_thread_blocked, id=42247, stack(0x0000000134a5f000,0x0000000134b5f000)]
  0x00007ff3e2008000 JavaThread "play-fork-run-akka.actor.default-dispatcher-9" [_thread_blocked, id=23319, stack(0x000000012ff32000,0x0000000130032000)]
  0x00007ff3e72f5800 JavaThread "SIGTERM handler" daemon [_thread_blocked, id=27911, stack(0x0000000134447000,0x0000000134547000)]
  0x00007ff3e303f800 JavaThread "Thread-7" [_thread_in_native, id=41231, stack(0x00000001325a2000,0x00000001326a2000)]
  0x00007ff3e6090800 JavaThread "play-fork-run-akka.actor.default-dispatcher-8" [_thread_blocked, id=40979, stack(0x0000000131247000,0x0000000131347000)]
  0x00007ff3e607e000 JavaThread "DestroyJavaVM" [_thread_blocked, id=4867, stack(0x000000010f831000,0x000000010f931000)]
  0x00007ff3e62b9800 JavaThread "Thread-0" [_thread_blocked, id=22791, stack(0x000000012fe2f000,0x000000012ff2f000)]
  0x00007ff3e6189800 JavaThread "SIGINT handler" daemon [_thread_blocked, id=22279, stack(0x000000012fd2c000,0x000000012fe2c000)]
  0x00007ff3e60df000 JavaThread "ForkJoinPool-1-worker-1" daemon [_thread_blocked, id=15119, stack(0x0000000130ad1000,0x0000000130bd1000)]
  0x00007ff3e7a5d800 JavaThread "New I/O worker #16" [_thread_in_native, id=38147, stack(0x000000013413e000,0x000000013423e000)]
  0x00007ff3e7905800 JavaThread "New I/O worker #15" [_thread_in_native, id=37635, stack(0x000000013403b000,0x000000013413b000)]
  0x00007ff3e7b10800 JavaThread "New I/O worker #14" [_thread_in_native, id=37123, stack(0x0000000133f38000,0x0000000134038000)]
  0x00007ff3e6552800 JavaThread "New I/O worker #13" [_thread_in_native, id=36611, stack(0x0000000133e35000,0x0000000133f35000)]
  0x00007ff3e60d9000 JavaThread "New I/O worker #12" [_thread_in_native, id=36099, stack(0x0000000133d32000,0x0000000133e32000)]
  0x00007ff3e5a11800 JavaThread "New I/O worker #11" [_thread_in_native, id=35587, stack(0x0000000133c2f000,0x0000000133d2f000)]
  0x00007ff3e59f5800 JavaThread "New I/O worker #10" [_thread_in_native, id=35075, stack(0x0000000133b2c000,0x0000000133c2c000)]
  0x00007ff3e6097800 JavaThread "New I/O worker #9" [_thread_in_native, id=34563, stack(0x0000000133a29000,0x0000000133b29000)]
  0x00007ff3e7a64800 JavaThread "New I/O worker #8" [_thread_in_native, id=34051, stack(0x0000000133926000,0x0000000133a26000)]
  0x00007ff3e59f4800 JavaThread "New I/O worker #7" [_thread_in_native, id=33539, stack(0x0000000133823000,0x0000000133923000)]
  0x00007ff3e5884000 JavaThread "New I/O worker #6" [_thread_in_native, id=33027, stack(0x0000000133720000,0x0000000133820000)]
  0x00007ff3e5883800 JavaThread "New I/O worker #5" [_thread_in_native, id=32515, stack(0x000000013361d000,0x000000013371d000)]
  0x00007ff3e583b000 JavaThread "New I/O worker #4" [_thread_blocked, id=32003, stack(0x000000013351a000,0x000000013361a000)]
  0x00007ff3e6803800 JavaThread "New I/O worker #3" [_thread_blocked, id=31491, stack(0x0000000133417000,0x0000000133517000)]
  0x00007ff3e608b000 JavaThread "netty-worker-2" [_thread_blocked, id=28423, stack(0x0000000132f8b000,0x000000013308b000)]
  0x00007ff3e6161000 JavaThread "netty-worker-1" [_thread_blocked, id=24331, stack(0x0000000132e88000,0x0000000132f88000)]
  0x00007ff3e6183000 JavaThread "application-akka.actor.default-dispatcher-3" [_thread_blocked, id=27399, stack(0x0000000132288000,0x0000000132388000)]
  0x00007ff3e6260000 JavaThread "application-scheduler-1" [_thread_blocked, id=26887, stack(0x0000000131568000,0x0000000131668000)]
=>0x00007ff3e62b8800 JavaThread "FSEvent thread" daemon [_thread_in_Java, id=16135, stack(0x0000000132785000,0x0000000132885000)]
  0x00007ff3e689b000 JavaThread "play-fork-run-akka.actor.default-dispatcher-6" [_thread_blocked, id=29955, stack(0x0000000131ac7000,0x0000000131bc7000)]
  0x00007ff3e48ee000 JavaThread "play-fork-run-akka.actor.default-dispatcher-5" [_thread_blocked, id=23811, stack(0x0000000130035000,0x0000000130135000)]
  0x00007ff3e29b3800 JavaThread "play-fork-run-scheduler-1" [_thread_blocked, id=21763, stack(0x000000012fa29000,0x000000012fb29000)]
  0x00007ff3e280a800 JavaThread "Service Thread" daemon [_thread_blocked, id=20739, stack(0x000000012f324000,0x000000012f424000)]
  0x00007ff3e280f800 JavaThread "C1 CompilerThread3" daemon [_thread_blocked, id=20227, stack(0x000000012f221000,0x000000012f321000)]
  0x00007ff3e280e800 JavaThread "C2 CompilerThread2" daemon [_thread_blocked, id=19715, stack(0x000000012f11e000,0x000000012f21e000)]
  0x00007ff3e280e000 JavaThread "C2 CompilerThread1" daemon [_thread_blocked, id=19203, stack(0x000000012f01b000,0x000000012f11b000)]
  0x00007ff3e280c800 JavaThread "C2 CompilerThread0" daemon [_thread_blocked, id=18691, stack(0x000000012ef18000,0x000000012f018000)]
  0x00007ff3e280b800 JavaThread "Signal Dispatcher" daemon [_thread_blocked, id=14351, stack(0x000000012ee15000,0x000000012ef15000)]
  0x00007ff3e480b000 JavaThread "Finalizer" daemon [_thread_blocked, id=13571, stack(0x000000012d3ed000,0x000000012d4ed000)]
  0x00007ff3e480a000 JavaThread "Reference Handler" daemon [_thread_blocked, id=13059, stack(0x000000012d2ea000,0x000000012d3ea000)]

Other Threads:
  0x00007ff3e4807800 VMThread [stack: 0x000000012d1e7000,0x000000012d2e7000] [id=12547]
  0x00007ff3e180c800 WatcherThread [stack: 0x000000012f427000,0x000000012f527000] [id=21251]

VM state:not at safepoint (normal execution)

VM Mutex/Monitor currently owned by a thread: None

Heap:
 PSYoungGen      total 174592K, used 60105K [0x000000076ab00000, 0x0000000778000000, 0x00000007c0000000)
  eden space 145408K, 32% used [0x000000076ab00000,0x000000076d9a22e0,0x0000000773900000)
  from space 29184K, 42% used [0x0000000776380000,0x0000000776f90240,0x0000000778000000)
  to   space 36352K, 0% used [0x0000000773900000,0x0000000773900000,0x0000000775c80000)
 ParOldGen       total 194560K, used 89753K [0x00000006c0000000, 0x00000006cbe00000, 0x000000076ab00000)
  object space 194560K, 46% used [0x00000006c0000000,0x00000006c57a6710,0x00000006cbe00000)
 Metaspace       used 42964K, capacity 43324K, committed 43520K, reserved 1085440K
  class space    used 6519K, capacity 6652K, committed 6656K, reserved 1048576K

Card table byte_map: [0x0000000120d49000,0x000000012154a000] byte_map_base: 0x000000011d749000

Marking Bits: (ParMarkBitMap*) 0x00000001112dee20
 Begin Bits: [0x00000001222b8000, 0x00000001262b8000)
 End Bits:   [0x00000001262b8000, 0x000000012a2b8000)

Polling page: 0x000000010f976000

CodeCache: size=245760Kb used=10129Kb max_used=11038Kb free=235631Kb
 bounds [0x0000000111989000, 0x0000000112469000, 0x0000000120989000]
 total_blobs=3966 nmethods=3535 adapters=342
 compilation: enabled

Compilation events (10 events):
Event: 555.890 Thread 0x00007ff3e280f800 4399       3       java.io.UnixFileSystem::normalize (132 bytes)
Event: 555.891 Thread 0x00007ff3e280f800 nmethod 4399 0x0000000111aabe50 code [0x0000000111aac0c0, 0x0000000111aad5f8]
Event: 557.065 Thread 0x00007ff3e280f800 4400       3       net.contentobjects.jnotify.macosx.JNotifyAdapterMacOSX$ScanJob::<init> (15 bytes)
Event: 557.065 Thread 0x00007ff3e280f800 nmethod 4400 0x00000001120b5c10 code [0x00000001120b5d80, 0x00000001120b5f50]
Event: 557.065 Thread 0x00007ff3e280f800 4401   !   3       net.contentobjects.jnotify.macosx.JNotifyAdapterMacOSX::notifyChangeEvent (63 bytes)
Event: 557.066 Thread 0x00007ff3e280f800 nmethod 4401 0x00000001123d0ad0 code [0x00000001123d0cc0, 0x00000001123d1638]
Event: 557.258 Thread 0x00007ff3e280e800 4402       4       scala.collection.mutable.StringBuilder::<init> (46 bytes)
Event: 557.259 Thread 0x00007ff3e280e800 nmethod 4402 0x00000001123d0810 code [0x00000001123d0960, 0x00000001123d09d8]
Event: 557.268 Thread 0x00007ff3e280e000 4403       4       scala.pickling.PickleTools$class::withHints (94 bytes)
Event: 557.282 Thread 0x00007ff3e280e000 nmethod 4403 0x0000000111abbd90 code [0x0000000111abbfe0, 0x0000000111abc978]

GC Heap History (10 events):
Event: 546.671 GC heap before
{Heap before GC invocations=18 (full 2):
 PSYoungGen      total 173056K, used 172576K [0x000000076ab00000, 0x000000077ae00000, 0x00000007c0000000)
  eden space 169984K, 100% used [0x000000076ab00000,0x0000000775100000,0x0000000775100000)
  from space 3072K, 84% used [0x0000000775680000,0x0000000775908270,0x0000000775980000)
  to   space 47616K, 0% used [0x0000000777f80000,0x0000000777f80000,0x000000077ae00000)
 ParOldGen       total 194560K, used 89737K [0x00000006c0000000, 0x00000006cbe00000, 0x000000076ab00000)
  object space 194560K, 46% used [0x00000006c0000000,0x00000006c57a2710,0x00000006cbe00000)
 Metaspace       used 42951K, capacity 43324K, committed 43520K, reserved 1085440K
  class space    used 6518K, capacity 6652K, committed 6656K, reserved 1048576K
Event: 546.676 GC heap after
Heap after GC invocations=18 (full 2):
 PSYoungGen      total 203264K, used 5153K [0x000000076ab00000, 0x000000077a500000, 0x00000007c0000000)
  eden space 164864K, 0% used [0x000000076ab00000,0x000000076ab00000,0x0000000774c00000)
  from space 38400K, 13% used [0x0000000777f80000,0x00000007784886a8,0x000000077a500000)
  to   space 45568K, 0% used [0x0000000774c00000,0x0000000774c00000,0x0000000777880000)
 ParOldGen       total 194560K, used 89745K [0x00000006c0000000, 0x00000006cbe00000, 0x000000076ab00000)
  object space 194560K, 46% used [0x00000006c0000000,0x00000006c57a4710,0x00000006cbe00000)
 Metaspace       used 42951K, capacity 43324K, committed 43520K, reserved 1085440K
  class space    used 6518K, capacity 6652K, committed 6656K, reserved 1048576K
}
Event: 548.948 GC heap before
{Heap before GC invocations=19 (full 2):
 PSYoungGen      total 203264K, used 170017K [0x000000076ab00000, 0x000000077a500000, 0x00000007c0000000)
  eden space 164864K, 100% used [0x000000076ab00000,0x0000000774c00000,0x0000000774c00000)
  from space 38400K, 13% used [0x0000000777f80000,0x00000007784886a8,0x000000077a500000)
  to   space 45568K, 0% used [0x0000000774c00000,0x0000000774c00000,0x0000000777880000)
 ParOldGen       total 194560K, used 89745K [0x00000006c0000000, 0x00000006cbe00000, 0x000000076ab00000)
  object space 194560K, 46% used [0x00000006c0000000,0x00000006c57a4710,0x00000006cbe00000)
 Metaspace       used 42951K, capacity 43324K, committed 43520K, reserved 1085440K
  class space    used 6518K, capacity 6652K, committed 6656K, reserved 1048576K
Event: 548.951 GC heap after
Heap after GC invocations=19 (full 2):
 PSYoungGen      total 164352K, used 4352K [0x000000076ab00000, 0x0000000779d00000, 0x00000007c0000000)
  eden space 159744K, 0% used [0x000000076ab00000,0x000000076ab00000,0x0000000774700000)
  from space 4608K, 94% used [0x0000000774c00000,0x0000000775040240,0x0000000775080000)
  to   space 44032K, 0% used [0x0000000777200000,0x0000000777200000,0x0000000779d00000)
 ParOldGen       total 194560K, used 89753K [0x00000006c0000000, 0x00000006cbe00000, 0x000000076ab00000)
  object space 194560K, 46% used [0x00000006c0000000,0x00000006c57a6710,0x00000006cbe00000)
 Metaspace       used 42951K, capacity 43324K, committed 43520K, reserved 1085440K
  class space    used 6518K, capacity 6652K, committed 6656K, reserved 1048576K
}
Event: 551.359 GC heap before
{Heap before GC invocations=20 (full 2):
 PSYoungGen      total 164352K, used 164096K [0x000000076ab00000, 0x0000000779d00000, 0x00000007c0000000)
  eden space 159744K, 100% used [0x000000076ab00000,0x0000000774700000,0x0000000774700000)
  from space 4608K, 94% used [0x0000000774c00000,0x0000000775040240,0x0000000775080000)
  to   space 44032K, 0% used [0x0000000777200000,0x0000000777200000,0x0000000779d00000)
 ParOldGen       total 194560K, used 89753K [0x00000006c0000000, 0x00000006cbe00000, 0x000000076ab00000)
  object space 194560K, 46% used [0x00000006c0000000,0x00000006c57a6710,0x00000006cbe00000)
 Metaspace       used 42951K, capacity 43324K, committed 43520K, reserved 1085440K
  class space    used 6518K, capacity 6652K, committed 6656K, reserved 1048576K
Event: 551.368 GC heap after
Heap after GC invocations=20 (full 2):
 PSYoungGen      total 188416K, used 9248K [0x000000076ab00000, 0x0000000779300000, 0x00000007c0000000)
  eden space 154624K, 0% used [0x000000076ab00000,0x000000076ab00000,0x0000000774200000)
  from space 33792K, 27% used [0x0000000777200000,0x0000000777b08240,0x0000000779300000)
  to   space 41472K, 0% used [0x0000000774200000,0x0000000774200000,0x0000000776a80000)
 ParOldGen       total 194560K, used 89753K [0x00000006c0000000, 0x00000006cbe00000, 0x000000076ab00000)
  object space 194560K, 46% used [0x00000006c0000000,0x00000006c57a6710,0x00000006cbe00000)
 Metaspace       used 42951K, capacity 43324K, committed 43520K, reserved 1085440K
  class space    used 6518K, capacity 6652K, committed 6656K, reserved 1048576K
}
Event: 553.764 GC heap before
{Heap before GC invocations=21 (full 2):
 PSYoungGen      total 188416K, used 163872K [0x000000076ab00000, 0x0000000779300000, 0x00000007c0000000)
  eden space 154624K, 100% used [0x000000076ab00000,0x0000000774200000,0x0000000774200000)
  from space 33792K, 27% used [0x0000000777200000,0x0000000777b08240,0x0000000779300000)
  to   space 41472K, 0% used [0x0000000774200000,0x0000000774200000,0x0000000776a80000)
 ParOldGen       total 194560K, used 89753K [0x00000006c0000000, 0x00000006cbe00000, 0x000000076ab00000)
  object space 194560K, 46% used [0x00000006c0000000,0x00000006c57a6710,0x00000006cbe00000)
 Metaspace       used 42953K, capacity 43324K, committed 43520K, reserved 1085440K
  class space    used 6519K, capacity 6652K, committed 6656K, reserved 1048576K
Event: 553.770 GC heap after
Heap after GC invocations=21 (full 2):
 PSYoungGen      total 160768K, used 10528K [0x000000076ab00000, 0x0000000778980000, 0x00000007c0000000)
  eden space 150016K, 0% used [0x000000076ab00000,0x000000076ab00000,0x0000000773d80000)
  from space 10752K, 97% used [0x0000000774200000,0x0000000774c48240,0x0000000774c80000)
  to   space 38912K, 0% used [0x0000000776380000,0x0000000776380000,0x0000000778980000)
 ParOldGen       total 194560K, used 89753K [0x00000006c0000000, 0x00000006cbe00000, 0x000000076ab00000)
  object space 194560K, 46% used [0x00000006c0000000,0x00000006c57a6710,0x00000006cbe00000)
 Metaspace       used 42953K, capacity 43324K, committed 43520K, reserved 1085440K
  class space    used 6519K, capacity 6652K, committed 6656K, reserved 1048576K
}
Event: 555.618 GC heap before
{Heap before GC invocations=22 (full 2):
 PSYoungGen      total 160768K, used 160544K [0x000000076ab00000, 0x0000000778980000, 0x00000007c0000000)
  eden space 150016K, 100% used [0x000000076ab00000,0x0000000773d80000,0x0000000773d80000)
  from space 10752K, 97% used [0x0000000774200000,0x0000000774c48240,0x0000000774c80000)
  to   space 38912K, 0% used [0x0000000776380000,0x0000000776380000,0x0000000778980000)
 ParOldGen       total 194560K, used 89753K [0x00000006c0000000, 0x00000006cbe00000, 0x000000076ab00000)
  object space 194560K, 46% used [0x00000006c0000000,0x00000006c57a6710,0x00000006cbe00000)
 Metaspace       used 42953K, capacity 43324K, committed 43520K, reserved 1085440K
  class space    used 6519K, capacity 6652K, committed 6656K, reserved 1048576K
Event: 555.628 GC heap after
Heap after GC invocations=22 (full 2):
 PSYoungGen      total 174592K, used 12352K [0x000000076ab00000, 0x0000000778000000, 0x00000007c0000000)
  eden space 145408K, 0% used [0x000000076ab00000,0x000000076ab00000,0x0000000773900000)
  from space 29184K, 42% used [0x0000000776380000,0x0000000776f90240,0x0000000778000000)
  to   space 36352K, 0% used [0x0000000773900000,0x0000000773900000,0x0000000775c80000)
 ParOldGen       total 194560K, used 89753K [0x00000006c0000000, 0x00000006cbe00000, 0x000000076ab00000)
  object space 194560K, 46% used [0x00000006c0000000,0x00000006c57a6710,0x00000006cbe00000)
 Metaspace       used 42953K, capacity 43324K, committed 43520K, reserved 1085440K
  class space    used 6519K, capacity 6652K, committed 6656K, reserved 1048576K
}

Deoptimization events (10 events):
Event: 545.887 Thread 0x00007ff3e6161000 Uncommon trap: reason=unstable_if action=reinterpret pc=0x0000000112459d40 method=java.util.ArrayList.indexOf(Ljava/lang/Object;)I @ 1
Event: 546.031 Thread 0x00007ff3e6161000 Uncommon trap: reason=unstable_if action=reinterpret pc=0x0000000111b9a9e4 method=java.lang.StringCoding.encode(Ljava/lang/String;[CII)[B @ 38
Event: 546.256 Thread 0x00007ff3e6161000 Uncommon trap: reason=unstable_if action=reinterpret pc=0x00000001122e6298 method=java.lang.Long.valueOf(J)Ljava/lang/Long; @ 5
Event: 546.418 Thread 0x00007ff3e6161000 Uncommon trap: reason=class_check action=maybe_recompile pc=0x00000001121994e8 method=java.io.DataInputStream.readFully([BII)V @ 34
Event: 546.418 Thread 0x00007ff3e6161000 Uncommon trap: reason=class_check action=maybe_recompile pc=0x00000001121994e8 method=java.io.DataInputStream.readFully([BII)V @ 34
Event: 546.418 Thread 0x00007ff3e6161000 Uncommon trap: reason=class_check action=maybe_recompile pc=0x00000001121994e8 method=java.io.DataInputStream.readFully([BII)V @ 34
Event: 546.418 Thread 0x00007ff3e6161000 Uncommon trap: reason=class_check action=maybe_recompile pc=0x00000001121994e8 method=java.io.DataInputStream.readFully([BII)V @ 34
Event: 546.492 Thread 0x00007ff3e6161000 Uncommon trap: reason=class_check action=maybe_recompile pc=0x0000000111ba5b0c method=org.jboss.netty.channel.socket.nio.AbstractNioSelector.processTaskQueue()V @ 9
Event: 557.264 Thread 0x00007ff3e303f800 Uncommon trap: reason=bimorphic action=maybe_recompile pc=0x00000001122c8bb8 method=sbt.serialization.json.VerifyingJSONPickleReader$$anonfun$beginEntry$2.apply(Lscala/pickling/Hints;)Ljava/lang/String; @ 11
Event: 557.264 Thread 0x00007ff3e303f800 Uncommon trap: reason=class_check action=maybe_recompile pc=0x00000001121d5534 method=sbt.serialization.JsonValue.<init>(Lsbt/serialization/json/JSONPickle;)V @ 36

Internal exceptions (10 events):
Event: 555.408 Thread 0x00007ff3e62b8800 Exception <a 'java/io/IOException'> (0x00000007714b4378) thrown at [/Users/java_re/workspace/8-2-build-macosx-x86_64/jdk8u60/4407/hotspot/src/share/vm/prims/jni.cpp, line 709]
Event: 555.408 Thread 0x00007ff3e62b8800 Exception <a 'java/io/IOException'> (0x00000007714b4a38) thrown at [/Users/java_re/workspace/8-2-build-macosx-x86_64/jdk8u60/4407/hotspot/src/share/vm/prims/jni.cpp, line 709]
Event: 555.408 Thread 0x00007ff3e62b8800 Exception <a 'java/io/IOException'> (0x00000007714b4cd0) thrown at [/Users/java_re/workspace/8-2-build-macosx-x86_64/jdk8u60/4407/hotspot/src/share/vm/prims/jni.cpp, line 709]
Event: 555.408 Thread 0x00007ff3e62b8800 Exception <a 'java/io/IOException'> (0x00000007714b4f38) thrown at [/Users/java_re/workspace/8-2-build-macosx-x86_64/jdk8u60/4407/hotspot/src/share/vm/prims/jni.cpp, line 709]
Event: 555.408 Thread 0x00007ff3e62b8800 Exception <a 'java/io/IOException'> (0x00000007714b55e0) thrown at [/Users/java_re/workspace/8-2-build-macosx-x86_64/jdk8u60/4407/hotspot/src/share/vm/prims/jni.cpp, line 709]
Event: 555.408 Thread 0x00007ff3e62b8800 Exception <a 'java/io/IOException'> (0x00000007714b5878) thrown at [/Users/java_re/workspace/8-2-build-macosx-x86_64/jdk8u60/4407/hotspot/src/share/vm/prims/jni.cpp, line 709]
Event: 555.408 Thread 0x00007ff3e62b8800 Exception <a 'java/io/IOException'> (0x00000007714b5ae0) thrown at [/Users/java_re/workspace/8-2-build-macosx-x86_64/jdk8u60/4407/hotspot/src/share/vm/prims/jni.cpp, line 709]
Event: 555.408 Thread 0x00007ff3e62b8800 Exception <a 'java/io/IOException'> (0x00000007714b6180) thrown at [/Users/java_re/workspace/8-2-build-macosx-x86_64/jdk8u60/4407/hotspot/src/share/vm/prims/jni.cpp, line 709]
Event: 555.408 Thread 0x00007ff3e62b8800 Exception <a 'java/io/IOException'> (0x00000007714b6418) thrown at [/Users/java_re/workspace/8-2-build-macosx-x86_64/jdk8u60/4407/hotspot/src/share/vm/prims/jni.cpp, line 709]
Event: 555.408 Thread 0x00007ff3e62b8800 Exception <a 'java/io/IOException'> (0x00000007714b6680) thrown at [/Users/java_re/workspace/8-2-build-macosx-x86_64/jdk8u60/4407/hotspot/src/share/vm/prims/jni.cpp, line 709]

Events (10 events):
Event: 555.493 Thread 0x00007ff3e62b8800 DEOPT PACKING pc=0x000000011220586c sp=0x000000013287d8c0
Event: 555.493 Thread 0x00007ff3e62b8800 DEOPT UNPACKING pc=0x00000001119d0633 sp=0x000000013287d7e8 mode 0
Event: 555.618 Executing VM operation: ParallelGCFailedAllocation
Event: 555.628 Executing VM operation: ParallelGCFailedAllocation done
Event: 557.264 Thread 0x00007ff3e303f800 Uncommon trap: trap_request=0xffffffc6 fr.pc=0x00000001122c8bb8
Event: 557.264 Thread 0x00007ff3e303f800 DEOPT PACKING pc=0x00000001122c8bb8 sp=0x00000001326a1590
Event: 557.264 Thread 0x00007ff3e303f800 DEOPT UNPACKING pc=0x000000011198e229 sp=0x00000001326a1488 mode 2
Event: 557.264 Thread 0x00007ff3e303f800 Uncommon trap: trap_request=0xffffffde fr.pc=0x00000001121d5534
Event: 557.264 Thread 0x00007ff3e303f800 DEOPT PACKING pc=0x00000001121d5534 sp=0x00000001326a15d0
Event: 557.264 Thread 0x00007ff3e303f800 DEOPT UNPACKING pc=0x000000011198e229 sp=0x00000001326a1590 mode 2


Dynamic libraries:
0x0000000008743000 	/System/Library/Frameworks/Cocoa.framework/Versions/A/Cocoa
0x0000000008743000 	/System/Library/Frameworks/Security.framework/Versions/A/Security
0x0000000008743000 	/System/Library/Frameworks/ApplicationServices.framework/Versions/A/ApplicationServices
0x0000000008743000 	/usr/lib/libz.1.dylib
0x0000000008743000 	/usr/lib/libSystem.B.dylib
0x0000000008743000 	/usr/lib/libobjc.A.dylib
0x0000000008743000 	/System/Library/Frameworks/CoreFoundation.framework/Versions/A/CoreFoundation
0x0000000008743000 	/System/Library/Frameworks/Foundation.framework/Versions/C/Foundation
0x0000000008743000 	/System/Library/Frameworks/AppKit.framework/Versions/C/AppKit
0x0000000008743000 	/System/Library/Frameworks/CoreData.framework/Versions/A/CoreData
0x0000000008743000 	/System/Library/PrivateFrameworks/RemoteViewServices.framework/Versions/A/RemoteViewServices
0x0000000008743000 	/System/Library/PrivateFrameworks/UIFoundation.framework/Versions/A/UIFoundation
0x0000000008743000 	/System/Library/Frameworks/IOSurface.framework/Versions/A/IOSurface
0x0000000008743000 	/System/Library/Frameworks/AudioToolbox.framework/Versions/A/AudioToolbox
0x0000000008743000 	/System/Library/Frameworks/AudioUnit.framework/Versions/A/AudioUnit
0x0000000008743000 	/System/Library/PrivateFrameworks/DataDetectorsCore.framework/Versions/A/DataDetectorsCore
0x0000000008743000 	/System/Library/PrivateFrameworks/DesktopServicesPriv.framework/Versions/A/DesktopServicesPriv
0x0000000008743000 	/System/Library/Frameworks/Carbon.framework/Versions/A/Frameworks/HIToolbox.framework/Versions/A/HIToolbox
0x0000000008743000 	/System/Library/Frameworks/QuartzCore.framework/Versions/A/QuartzCore
0x0000000008743000 	/System/Library/Frameworks/Carbon.framework/Versions/A/Frameworks/SpeechRecognition.framework/Versions/A/SpeechRecognition
0x0000000008743000 	/usr/lib/libauto.dylib
0x0000000008743000 	/usr/lib/libicucore.A.dylib
0x0000000008743000 	/usr/lib/libxml2.2.dylib
0x0000000008743000 	/System/Library/PrivateFrameworks/CoreUI.framework/Versions/A/CoreUI
0x0000000008743000 	/System/Library/Frameworks/CoreAudio.framework/Versions/A/CoreAudio
0x0000000008743000 	/System/Library/Frameworks/DiskArbitration.framework/Versions/A/DiskArbitration
0x0000000008743000 	/usr/lib/liblangid.dylib
0x0000000008743000 	/System/Library/PrivateFrameworks/MultitouchSupport.framework/Versions/A/MultitouchSupport
0x0000000008743000 	/System/Library/Frameworks/IOKit.framework/Versions/A/IOKit
0x0000000008743000 	/usr/lib/libDiagnosticMessagesClient.dylib
0x0000000008743000 	/System/Library/Frameworks/CoreServices.framework/Versions/A/CoreServices
0x0000000008743000 	/System/Library/PrivateFrameworks/PerformanceAnalysis.framework/Versions/A/PerformanceAnalysis
0x0000000008743000 	/System/Library/PrivateFrameworks/GenerationalStorage.framework/Versions/A/GenerationalStorage
0x0000000008743000 	/System/Library/Frameworks/OpenGL.framework/Versions/A/OpenGL
0x0000000008743000 	/System/Library/PrivateFrameworks/Sharing.framework/Versions/A/Sharing
0x0000000008743000 	/System/Library/Frameworks/CoreGraphics.framework/Versions/A/CoreGraphics
0x0000000008743000 	/System/Library/Frameworks/CoreText.framework/Versions/A/CoreText
0x0000000008743000 	/System/Library/Frameworks/ImageIO.framework/Versions/A/ImageIO
0x0000000008743000 	/usr/lib/libextension.dylib
0x0000000008743000 	/System/Library/PrivateFrameworks/Backup.framework/Versions/A/Backup
0x0000000008743000 	/usr/lib/libarchive.2.dylib
0x0000000008743000 	/System/Library/Frameworks/CFNetwork.framework/Versions/A/CFNetwork
0x0000000008743000 	/System/Library/Frameworks/SystemConfiguration.framework/Versions/A/SystemConfiguration
0x0000000008743000 	/usr/lib/libCRFSuite.dylib
0x0000000008743000 	/usr/lib/libc++.1.dylib
0x0000000008743000 	/usr/lib/libc++abi.dylib
0x0000000008743000 	/usr/lib/system/libcache.dylib
0x0000000008743000 	/usr/lib/system/libcommonCrypto.dylib
0x0000000008743000 	/usr/lib/system/libcompiler_rt.dylib
0x0000000008743000 	/usr/lib/system/libcopyfile.dylib
0x0000000008743000 	/usr/lib/system/libcorecrypto.dylib
0x0000000008743000 	/usr/lib/system/libdispatch.dylib
0x0000000008743000 	/usr/lib/system/libdyld.dylib
0x0000000008743000 	/usr/lib/system/libkeymgr.dylib
0x0000000008743000 	/usr/lib/system/liblaunch.dylib
0x0000000008743000 	/usr/lib/system/libmacho.dylib
0x0000000008743000 	/usr/lib/system/libquarantine.dylib
0x0000000008743000 	/usr/lib/system/libremovefile.dylib
0x0000000008743000 	/usr/lib/system/libsystem_asl.dylib
0x0000000008743000 	/usr/lib/system/libsystem_blocks.dylib
0x0000000008743000 	/usr/lib/system/libsystem_c.dylib
0x0000000008743000 	/usr/lib/system/libsystem_configuration.dylib
0x0000000008743000 	/usr/lib/system/libsystem_coreservices.dylib
0x0000000008743000 	/usr/lib/system/libsystem_coretls.dylib
0x0000000008743000 	/usr/lib/system/libsystem_dnssd.dylib
0x0000000008743000 	/usr/lib/system/libsystem_info.dylib
0x0000000008743000 	/usr/lib/system/libsystem_kernel.dylib
0x0000000008743000 	/usr/lib/system/libsystem_m.dylib
0x0000000008743000 	/usr/lib/system/libsystem_malloc.dylib
0x0000000008743000 	/usr/lib/system/libsystem_network.dylib
0x0000000008743000 	/usr/lib/system/libsystem_networkextension.dylib
0x0000000008743000 	/usr/lib/system/libsystem_notify.dylib
0x0000000008743000 	/usr/lib/system/libsystem_platform.dylib
0x0000000008743000 	/usr/lib/system/libsystem_pthread.dylib
0x0000000008743000 	/usr/lib/system/libsystem_sandbox.dylib
0x0000000008743000 	/usr/lib/system/libsystem_secinit.dylib
0x0000000008743000 	/usr/lib/system/libsystem_stats.dylib
0x0000000008743000 	/usr/lib/system/libsystem_trace.dylib
0x0000000008743000 	/usr/lib/system/libunc.dylib
0x0000000008743000 	/usr/lib/system/libunwind.dylib
0x0000000008743000 	/usr/lib/system/libxpc.dylib
0x0000000008743000 	/usr/lib/libbz2.1.0.dylib
0x0000000008743000 	/usr/lib/liblzma.5.dylib
0x0000000008743000 	/usr/lib/libbsm.0.dylib
0x0000000008743000 	/usr/lib/libsqlite3.dylib
0x0000000008743000 	/usr/lib/system/libkxld.dylib
0x0000000008743000 	/usr/lib/libxar.1.dylib
0x0000000008743000 	/usr/lib/libpam.2.dylib
0x0000000008743000 	/usr/lib/libOpenScriptingUtil.dylib
0x0000000008743000 	/System/Library/Frameworks/CoreServices.framework/Versions/A/Frameworks/FSEvents.framework/Versions/A/FSEvents
0x0000000008743000 	/System/Library/Frameworks/CoreServices.framework/Versions/A/Frameworks/CarbonCore.framework/Versions/A/CarbonCore
0x0000000008743000 	/System/Library/Frameworks/CoreServices.framework/Versions/A/Frameworks/Metadata.framework/Versions/A/Metadata
0x0000000008743000 	/System/Library/Frameworks/CoreServices.framework/Versions/A/Frameworks/OSServices.framework/Versions/A/OSServices
0x0000000008743000 	/System/Library/Frameworks/CoreServices.framework/Versions/A/Frameworks/SearchKit.framework/Versions/A/SearchKit
0x0000000008743000 	/System/Library/Frameworks/CoreServices.framework/Versions/A/Frameworks/AE.framework/Versions/A/AE
0x0000000008743000 	/System/Library/Frameworks/CoreServices.framework/Versions/A/Frameworks/LaunchServices.framework/Versions/A/LaunchServices
0x0000000008743000 	/System/Library/Frameworks/CoreServices.framework/Versions/A/Frameworks/DictionaryServices.framework/Versions/A/DictionaryServices
0x0000000008743000 	/System/Library/Frameworks/NetFS.framework/Versions/A/NetFS
0x0000000008743000 	/System/Library/PrivateFrameworks/NetAuth.framework/Versions/A/NetAuth
0x0000000008743000 	/System/Library/PrivateFrameworks/login.framework/Versions/A/Frameworks/loginsupport.framework/Versions/A/loginsupport
0x0000000008743000 	/System/Library/PrivateFrameworks/TCC.framework/Versions/A/TCC
0x0000000008743000 	/usr/lib/libmecabra.dylib
0x0000000008743000 	/System/Library/Frameworks/ApplicationServices.framework/Versions/A/Frameworks/ATS.framework/Versions/A/ATS
0x0000000008743000 	/System/Library/Frameworks/ApplicationServices.framework/Versions/A/Frameworks/ColorSync.framework/Versions/A/ColorSync
0x0000000008743000 	/System/Library/Frameworks/ApplicationServices.framework/Versions/A/Frameworks/HIServices.framework/Versions/A/HIServices
0x0000000008743000 	/System/Library/Frameworks/ApplicationServices.framework/Versions/A/Frameworks/LangAnalysis.framework/Versions/A/LangAnalysis
0x0000000008743000 	/System/Library/Frameworks/ApplicationServices.framework/Versions/A/Frameworks/PrintCore.framework/Versions/A/PrintCore
0x0000000008743000 	/System/Library/Frameworks/ApplicationServices.framework/Versions/A/Frameworks/QD.framework/Versions/A/QD
0x0000000008743000 	/System/Library/Frameworks/ApplicationServices.framework/Versions/A/Frameworks/SpeechSynthesis.framework/Versions/A/SpeechSynthesis
0x0000000008743000 	/System/Library/Frameworks/Accelerate.framework/Versions/A/Accelerate
0x0000000008743000 	/System/Library/Frameworks/Accelerate.framework/Versions/A/Frameworks/vImage.framework/Versions/A/vImage
0x0000000008743000 	/System/Library/Frameworks/Accelerate.framework/Versions/A/Frameworks/vecLib.framework/Versions/A/vecLib
0x0000000008743000 	/System/Library/Frameworks/Accelerate.framework/Versions/A/Frameworks/vecLib.framework/Versions/A/libvDSP.dylib
0x0000000008743000 	/System/Library/Frameworks/Accelerate.framework/Versions/A/Frameworks/vecLib.framework/Versions/A/libvMisc.dylib
0x0000000008743000 	/System/Library/Frameworks/Accelerate.framework/Versions/A/Frameworks/vecLib.framework/Versions/A/libLAPACK.dylib
0x0000000008743000 	/System/Library/Frameworks/Accelerate.framework/Versions/A/Frameworks/vecLib.framework/Versions/A/libBLAS.dylib
0x0000000008743000 	/System/Library/Frameworks/Accelerate.framework/Versions/A/Frameworks/vecLib.framework/Versions/A/libLinearAlgebra.dylib
0x0000000008743000 	/System/Library/Frameworks/ApplicationServices.framework/Versions/A/Frameworks/ATS.framework/Versions/A/Resources/libFontParser.dylib
0x0000000008743000 	/System/Library/Frameworks/ApplicationServices.framework/Versions/A/Frameworks/ATS.framework/Versions/A/Resources/libFontRegistry.dylib
0x0000000008743000 	/System/Library/PrivateFrameworks/AppleVPA.framework/Versions/A/AppleVPA
0x0000000008743000 	/System/Library/PrivateFrameworks/AppleJPEG.framework/Versions/A/AppleJPEG
0x0000000008743000 	/System/Library/Frameworks/ImageIO.framework/Versions/A/Resources/libJPEG.dylib
0x0000000008743000 	/System/Library/Frameworks/ImageIO.framework/Versions/A/Resources/libTIFF.dylib
0x0000000008743000 	/System/Library/Frameworks/ImageIO.framework/Versions/A/Resources/libPng.dylib
0x0000000008743000 	/System/Library/Frameworks/ImageIO.framework/Versions/A/Resources/libGIF.dylib
0x0000000008743000 	/System/Library/Frameworks/ImageIO.framework/Versions/A/Resources/libJP2.dylib
0x0000000008743000 	/System/Library/Frameworks/ImageIO.framework/Versions/A/Resources/libRadiance.dylib
0x0000000008743000 	/System/Library/Frameworks/CoreVideo.framework/Versions/A/CoreVideo
0x0000000008743000 	/System/Library/Frameworks/OpenGL.framework/Versions/A/Libraries/libGLU.dylib
0x0000000008743000 	/System/Library/Frameworks/OpenGL.framework/Versions/A/Libraries/libGFXShared.dylib
0x0000000008743000 	/System/Library/Frameworks/OpenGL.framework/Versions/A/Libraries/libGL.dylib
0x0000000008743000 	/System/Library/Frameworks/OpenGL.framework/Versions/A/Libraries/libGLImage.dylib
0x0000000008743000 	/System/Library/Frameworks/OpenGL.framework/Versions/A/Libraries/libCVMSPluginSupport.dylib
0x0000000008743000 	/System/Library/Frameworks/OpenGL.framework/Versions/A/Libraries/libCoreVMClient.dylib
0x0000000008743000 	/usr/lib/libcups.2.dylib
0x0000000008743000 	/System/Library/Frameworks/Kerberos.framework/Versions/A/Kerberos
0x0000000008743000 	/System/Library/Frameworks/GSS.framework/Versions/A/GSS
0x0000000008743000 	/usr/lib/libresolv.9.dylib
0x0000000008743000 	/usr/lib/libiconv.2.dylib
0x0000000008743000 	/System/Library/PrivateFrameworks/Heimdal.framework/Versions/A/Heimdal
0x0000000008743000 	/usr/lib/libheimdal-asn1.dylib
0x0000000008743000 	/System/Library/Frameworks/OpenDirectory.framework/Versions/A/OpenDirectory
0x0000000008743000 	/System/Library/PrivateFrameworks/CommonAuth.framework/Versions/A/CommonAuth
0x0000000008743000 	/System/Library/Frameworks/OpenDirectory.framework/Versions/A/Frameworks/CFOpenDirectory.framework/Versions/A/CFOpenDirectory
0x0000000008743000 	/System/Library/Frameworks/SecurityFoundation.framework/Versions/A/SecurityFoundation
0x0000000008743000 	/System/Library/PrivateFrameworks/LanguageModeling.framework/Versions/A/LanguageModeling
0x0000000008743000 	/usr/lib/libcmph.dylib
0x0000000008743000 	/System/Library/Frameworks/ServiceManagement.framework/Versions/A/ServiceManagement
0x0000000008743000 	/usr/lib/libxslt.1.dylib
0x0000000008743000 	/System/Library/Frameworks/Carbon.framework/Versions/A/Frameworks/Ink.framework/Versions/A/Ink
0x0000000008743000 	/System/Library/Frameworks/QuartzCore.framework/Versions/A/Frameworks/CoreImage.framework/Versions/A/CoreImage
0x0000000008743000 	/System/Library/PrivateFrameworks/CrashReporterSupport.framework/Versions/A/CrashReporterSupport
0x0000000008743000 	/System/Library/Frameworks/OpenCL.framework/Versions/A/OpenCL
0x0000000008743000 	/System/Library/PrivateFrameworks/FaceCore.framework/Versions/A/FaceCore
0x0000000008743000 	/System/Library/PrivateFrameworks/Ubiquity.framework/Versions/A/Ubiquity
0x0000000008743000 	/System/Library/PrivateFrameworks/IconServices.framework/Versions/A/IconServices
0x0000000008743000 	/System/Library/PrivateFrameworks/ChunkingLibrary.framework/Versions/A/ChunkingLibrary
0x0000000008743000 	/System/Library/PrivateFrameworks/Apple80211.framework/Versions/A/Apple80211
0x0000000008743000 	/System/Library/Frameworks/CoreWLAN.framework/Versions/A/CoreWLAN
0x0000000008743000 	/System/Library/Frameworks/IOBluetooth.framework/Versions/A/IOBluetooth
0x0000000008743000 	/System/Library/PrivateFrameworks/CoreWiFi.framework/Versions/A/CoreWiFi
0x0000000008743000 	/System/Library/Frameworks/CoreBluetooth.framework/Versions/A/CoreBluetooth
0x0000000008743000 	/System/Library/PrivateFrameworks/DebugSymbols.framework/Versions/A/DebugSymbols
0x0000000008743000 	/System/Library/PrivateFrameworks/CoreSymbolication.framework/Versions/A/CoreSymbolication
0x0000000008743000 	/System/Library/PrivateFrameworks/Symbolication.framework/Versions/A/Symbolication
0x0000000008743000 	/System/Library/PrivateFrameworks/SpeechRecognitionCore.framework/Versions/A/SpeechRecognitionCore
0x0000000110a00000 	/Library/Java/JavaVirtualMachines/jdk1.8.0_60.jdk/Contents/Home/jre/lib/server/libjvm.dylib
0x0000000008743000 	/usr/lib/libstdc++.6.dylib
0x000000010f933000 	/Library/Java/JavaVirtualMachines/jdk1.8.0_60.jdk/Contents/Home/jre/lib/libverify.dylib
0x000000010f941000 	/Library/Java/JavaVirtualMachines/jdk1.8.0_60.jdk/Contents/Home/jre/lib/libjava.dylib
0x000000010f980000 	/Library/Java/JavaVirtualMachines/jdk1.8.0_60.jdk/Contents/Home/jre/lib/libzip.dylib
0x000000012d4ef000 	/System/Library/Frameworks/JavaVM.framework/Frameworks/JavaRuntimeSupport.framework/JavaRuntimeSupport
0x000000012d50a000 	/System/Library/Frameworks/JavaVM.framework/Versions/A/Frameworks/JavaNativeFoundation.framework/Versions/A/JavaNativeFoundation
0x000000012d51f000 	/System/Library/Frameworks/JavaVM.framework/Versions/A/JavaVM
0x0000000008743000 	/System/Library/Frameworks/Carbon.framework/Versions/A/Carbon
0x000000012d52c000 	/System/Library/PrivateFrameworks/JavaLaunching.framework/Versions/A/JavaLaunching
0x0000000008743000 	/System/Library/Frameworks/Carbon.framework/Versions/A/Frameworks/CommonPanels.framework/Versions/A/CommonPanels
0x0000000008743000 	/System/Library/Frameworks/Carbon.framework/Versions/A/Frameworks/Help.framework/Versions/A/Help
0x0000000008743000 	/System/Library/Frameworks/Carbon.framework/Versions/A/Frameworks/ImageCapture.framework/Versions/A/ImageCapture
0x0000000008743000 	/System/Library/Frameworks/Carbon.framework/Versions/A/Frameworks/OpenScripting.framework/Versions/A/OpenScripting
0x0000000008743000 	/System/Library/Frameworks/Carbon.framework/Versions/A/Frameworks/Print.framework/Versions/A/Print
0x0000000008743000 	/System/Library/Frameworks/Carbon.framework/Versions/A/Frameworks/SecurityHI.framework/Versions/A/SecurityHI
0x0000000130469000 	/Library/Java/JavaVirtualMachines/jdk1.8.0_60.jdk/Contents/Home/jre/lib/libnet.dylib
0x000000012d69a000 	/Library/Java/JavaVirtualMachines/jdk1.8.0_60.jdk/Contents/Home/jre/lib/libmanagement.dylib
0x000000012f828000 	/Library/Java/JavaVirtualMachines/jdk1.8.0_60.jdk/Contents/Home/jre/lib/libnio.dylib
0x000000012d6a8000 	/Users/U6033906/myworkspace/play/aristotle/target/native_libraries/64bits/libjnotify.jnilib

VM Arguments:
jvm_args: -Dfork.run.log.level=info -Dfork.run.log.events=true 
java_command: play.forkrun.ForkRun /Users/U6033906/myworkspace/play/aristotle root/playForkConfig
java_class_path (initial): /Users/U6033906/.ivy2/cache/com.typesafe.play/fork-run_2.11/jars/fork-run_2.11-2.4.6.jar:/Users/U6033906/.ivy2/cache/org.scala-lang/scala-library/jars/scala-library-2.11.6.jar:/Users/U6033906/.ivy2/cache/com.typesafe.play/fork-run-protocol_2.11/jars/fork-run-protocol_2.11-2.4.6.jar:/Users/U6033906/.ivy2/cache/com.typesafe.play/run-support_2.11/jars/run-support_2.11-2.4.6.jar:/Users/U6033906/.ivy2/cache/com.typesafe.play/build-link/jars/build-link-2.4.6.jar:/Users/U6033906/.ivy2/cache/com.typesafe.play/play-exceptions/jars/play-exceptions-2.4.6.jar:/Users/U6033906/.ivy2/cache/org.javassist/javassist/bundles/javassist-3.19.0-GA.jar:/Users/U6033906/.ivy2/cache/com.typesafe.sbtrc/client-2-11/jars/client-2-11-0.3.1.jar:/Users/U6033906/.ivy2/cache/org.scala-lang/scala-reflect/jars/scala-reflect-2.11.5.jar:/Users/U6033906/.ivy2/cache/org.scala-sbt/serialization_2.11/jars/serialization_2.11-0.1.0.jar:/Users/U6033906/.ivy2/cache/org.scala-lang.modules/scala-pickling_2.11/jars/scala-pickling_2.11-0.10.0.jar:/Users/U6033906/.ivy2/cache/org.scala-lang/scala-compiler/jars/scala-compiler-2.11.4.jar:/Users/U6033906/.ivy2/cache/org.scala-lang.modules/scala-xml_2.11/bundles/scala-xml_2.11-1.0.2.jar:/Users/U6033906/.ivy2/cache/org.scala-lang.modules/scala-parser-combinators_2.11/bundles/scala-parser-combinators_2.11-1.0.2.jar:/Users/U6033906/.ivy2/cache/org.json4s/json4s-core_2.11/jars/json4s-core_2.11-3.2.10.jar:/Users/U6033906/.ivy2/cache/org.json4s/json4s-ast_2.11/jars/json4s-ast_2.11-3.2.10.jar:/Users/U6033906/.ivy2/cache/com.thoughtworks.paranamer/paranamer/jars/paranamer-2.6.jar:/Users/U6033906/.ivy2/cache/org.spire-math/jawn-parser_2.11/jars/jawn-parser_2.11-0.6.0.jar:/Users/U6033906/.ivy2/cache/org.spire-math/json4s-support_2.11/jars/json4s-support_2.11-0.6.0.jar:/Users/U6033906/.ivy2/cache/org.scala-sbt/launcher-interface/jars/launcher-interface-0.13.8-M3.jar:/Users/U6033906/.ivy2/cache/org.scala-sbt/interface/jars/interface-0.13.8-M3.jar:/Users/
Launcher Type: SUN_STANDARD

Environment Variables:
PATH=/Users/U6033906/anaconda/bin:/usr/local/bin:/usr/bin:/bin:/usr/sbin:/sbin:/usr/local/Cellar/gradle/2.12:/Users/U6033906/myworkspace/activator-1.3.9-minimal/bin:/Users/U6033906/myworkspace/spark/spark-1.6.1-bin-hadoop2.6/bin
SHELL=/bin/bash

Signal Handlers:
SIGSEGV: [libjvm.dylib+0x5a6d31], sa_mask[0]=11111111011111110111111111111111, sa_flags=SA_ONSTACK|SA_RESTART|SA_SIGINFO
SIGBUS: [libjvm.dylib+0x5a6d31], sa_mask[0]=11111111011111110111111111111111, sa_flags=SA_RESTART|SA_SIGINFO
SIGFPE: [libjvm.dylib+0x480a4c], sa_mask[0]=11111111011111110111111111111111, sa_flags=SA_RESTART|SA_SIGINFO
SIGPIPE: [libjvm.dylib+0x480a4c], sa_mask[0]=11111111011111110111111111111111, sa_flags=SA_RESTART|SA_SIGINFO
SIGXFSZ: [libjvm.dylib+0x480a4c], sa_mask[0]=11111111011111110111111111111111, sa_flags=SA_RESTART|SA_SIGINFO
SIGILL: [libjvm.dylib+0x480a4c], sa_mask[0]=11111111011111110111111111111111, sa_flags=SA_RESTART|SA_SIGINFO
SIGUSR1: SIG_DFL, sa_mask[0]=11011111011111100000000111000110, sa_flags=none
SIGUSR2: [libjvm.dylib+0x48056a], sa_mask[0]=00100000000000000000000000000000, sa_flags=SA_RESTART|SA_SIGINFO
SIGHUP: [libjvm.dylib+0x47eb41], sa_mask[0]=11111111011111110111111111111111, sa_flags=SA_RESTART|SA_SIGINFO
SIGINT: [libjvm.dylib+0x47eb41], sa_mask[0]=11111111011111110111111111111111, sa_flags=SA_RESTART|SA_SIGINFO
SIGTERM: [libjvm.dylib+0x47eb41], sa_mask[0]=11111111011111110111111111111111, sa_flags=SA_RESTART|SA_SIGINFO
SIGQUIT: [libjvm.dylib+0x47eb41], sa_mask[0]=11111111011111110111111111111111, sa_flags=SA_RESTART|SA_SIGINFO


---------------  S Y S T E M  ---------------

OS:Bsduname:Darwin 14.5.0 Darwin Kernel Version 14.5.0: Sun Sep 25 22:07:15 PDT 2016; root:xnu-2782.50.9~1/RELEASE_X86_64 x86_64
rlimit: STACK 8192k, CORE 0k, NPROC 709, NOFILE 10240, AS infinity
load average:4.35 3.36 3.19

CPU:total 8 (4 cores per cpu, 2 threads per core) family 6 model 70 stepping 1, cmov, cx8, fxsr, mmx, sse, sse2, sse3, ssse3, sse4.1, sse4.2, popcnt, avx, avx2, aes, clmul, erms, lzcnt, ht, tsc, tscinvbit, bmi1, bmi2

Memory: 4k page, physical 16777216k(555976k free)

/proc/meminfo:


vm_info: Java HotSpot(TM) 64-Bit Server VM (25.60-b23) for bsd-amd64 JRE (1.8.0_60-b27), built on Aug  4 2015 10:47:24 by "java_re" with gcc 4.2.1 (Based on Apple Inc. build 5658) (LLVM build 2336.11.00)

time: Sun Dec  4 17:49:10 2016
elapsed time: 557 seconds (0d 0h 9m 17s)

